0 info it worked if it ends with ok
1 verbose cli [ '/usr/bin/nodejs', '/usr/bin/npm', 'install', 'cookieParser' ]
2 info using npm@1.3.10
3 info using node@v0.10.25
4 warn package.json Desktop@0.0.0 No README data
5 verbose readDependencies using package.json deps
6 verbose cache add [ 'cookieParser', null ]
7 verbose cache add name=undefined spec="cookieParser" args=["cookieParser",null]
8 verbose parsed url { protocol: null,
8 verbose parsed url   slashes: null,
8 verbose parsed url   auth: null,
8 verbose parsed url   host: null,
8 verbose parsed url   port: null,
8 verbose parsed url   hostname: null,
8 verbose parsed url   hash: null,
8 verbose parsed url   search: null,
8 verbose parsed url   query: null,
8 verbose parsed url   pathname: 'cookieParser',
8 verbose parsed url   path: 'cookieParser',
8 verbose parsed url   href: 'cookieParser' }
9 silly lockFile 0e37acdf-cookieParser cookieParser
10 verbose lock cookieParser /home/kintetsu/.npm/0e37acdf-cookieParser.lock
11 silly lockFile 0e37acdf-cookieParser cookieParser
12 silly lockFile 0e37acdf-cookieParser cookieParser
13 verbose addNamed [ 'cookieParser', '' ]
14 verbose addNamed [ null, '*' ]
15 silly lockFile 74f56a99-cookieParser cookieParser@
16 verbose lock cookieParser@ /home/kintetsu/.npm/74f56a99-cookieParser.lock
17 silly addNameRange { name: 'cookieParser', range: '*', hasData: false }
18 verbose url raw cookieParser
19 verbose url resolving [ 'https://registry.npmjs.org/', './cookieParser' ]
20 verbose url resolved https://registry.npmjs.org/cookieParser
21 info trying registry request attempt 1 at 16:53:35
22 http GET https://registry.npmjs.org/cookieParser
23 http 404 https://registry.npmjs.org/cookieParser
24 silly registry.get cb [ 404,
24 silly registry.get   { 'content-type': 'application/json',
24 silly registry.get     'cache-control': 'max-age=0',
24 silly registry.get     'content-length': '2',
24 silly registry.get     'accept-ranges': 'bytes',
24 silly registry.get     date: 'Thu, 12 Nov 2015 08:53:32 GMT',
24 silly registry.get     via: '1.1 varnish',
24 silly registry.get     age: '0',
24 silly registry.get     connection: 'keep-alive',
24 silly registry.get     'x-served-by': 'cache-lax1425-LAX',
24 silly registry.get     'x-cache': 'MISS',
24 silly registry.get     'x-cache-hits': '0',
24 silly registry.get     'x-timer': 'S1447318412.446436,VS0,VE49' } ]
25 silly addNameRange number 2 { name: 'cookieParser', range: '*', hasData: true }
26 silly addNameRange versions [ undefined, [] ]
27 error TypeError: Cannot read property 'latest' of undefined
27 error     at next (/usr/share/npm/lib/cache.js:687:35)
27 error     at /usr/share/npm/lib/cache.js:675:5
27 error     at saved (/usr/share/npm/node_modules/npm-registry-client/lib/get.js:142:7)
27 error     at /usr/lib/nodejs/graceful-fs/polyfills.js:133:7
27 error     at Object.oncomplete (fs.js:107:15)
28 error If you need help, you may report this log at:
28 error     <http://github.com/isaacs/npm/issues>
28 error or email it to:
28 error     <npm-@googlegroups.com>
29 error System Linux 3.19.0-33-generic
30 error command "/usr/bin/nodejs" "/usr/bin/npm" "install" "cookieParser"
31 error cwd /home/kintetsu/Desktop/127project
32 error node -v v0.10.25
33 error npm -v 1.3.10
34 error type non_object_property_load
35 verbose exit [ 1, true ]
